
=== JUDGMENTS (target 30) ===
  [ 1/30]  44p  HEWITT v. UNITED STATES
  [ 2/30]  54p  GUTIERREZ v. SAENZ et al
  [ 3/30]  48p  RILEY v. BONDI, ATTORNEY GENERAL
  [ 4/30]  35p  FOOD AND DRUG ADMINISTRATION et al v. R. J
  [ 5/30]  43p  ESTERAS v. UNITED STATES
  [ 6/30]  41p  McLAUGHLIN CHIROPRACTIC ASSOCIATES, INC v. McKESSON CORP. et
  [ 7/30]  48p  DIAMOND ALTERNATIVE ENERGY, LLC, et al v. ENVIRONMENTAL PROT
  [ 8/30]  56p  STANLEY v. CITY OF SANFORD, FLORIDA
  [ 9/30]  47p  FULD et al v. PALESTINE LIBERATION
  [10/30]  51p  NUCLEAR REGULATORY COMMISSION et al v. TEXAS et al
  [11/30]  40p  ENVIRONMENTAL PROTECTION AGENCY v. CALU
  [12/30]  20p  OKLAHOMA et al v. ENVIRONMENTAL
  [13/30]  37p  PERTTU v. RICHARDS
  [14/30]  19p  RIVERS v. GUERRERO, DIRECTOR, TEXAS DE
  [15/30]  23p  COMMISSIONER OF INTERNAL REVENUE v. ZUCH
  [16/30]  29p  G. W., a minor, et al v. UNITED
  [17/30]  21p  PARRISH v. UNITED STATES
  [18/30]  18p  See Illinois Surety Co v. United States ex rel. Peeler
  [19/30]  27p  A. J. T., by and through her parents, A. T., et al v. OSSEO 
  [20/30]  26p  AMES v. OHIO DEPT. OF YOUTH SERVICES
  [21/30]  25p  SMITH & WESSON BRANDS, INC., et al v. ESTADOS
  [22/30]  44p  CATHOLIC CHARITIES BUREAU, INC., et al v. WISCONSIN LABOR AN
  [23/30]  17p  DEVAS (MAURITIUS) LTD. et al v. ANTRIX
  [24/30]  21p  BLOM BANK SAL v. HONICKMAN et al
  [25/30]  38p  Robertson v. Methow Valley Citi
  [26/30]  53p  KOUSISIS et al v. UNITED STATES
  [27/30]  25p  A. A. R. P. et al v. TRUMP, PRESIDENT OF THE
  [28/30]  20p  ESTATE OF BARNES, DECEASED v. FELIX et al
  [29/30]  37p  FELICIANO v. DEPARTMENT OF TRANSPORTATION
  [30/30]  39p  ADVOCATE CHRIST MEDICAL CENTER et al v. KENNEDY, SECRETARY O

=== ACTS (target 30) ===
  [ 1/30]  21p  Continuing Appropriations and Extensions Act, 2025
  [ 2/30]  36p  Fire Grants and Safety Act of 2023
  [ 3/30]  41p  Fiscal Responsibility Act of 2023
  [ 4/30]  34p  Reforming Intelligence and Securing America Act
  [ 5/30]  26p  Supporting America
  [ 6/30]  52p  American Relief Act, 2025
  [ 7/30]  25p  Good Samaritan Remediation of Abandoned Hardrock Mines Act o
  [ 8/30]  29p  Continuing Appropriations Act, 2024 and Other Extensions Act
  [ 9/30]  17p  Bolstering Ecosystems Against Coastal Harm Act
  [10/30]  39p  Extending Government Funding and Delivering Emergency Assist
  [11/30]  37p  Hualapai Tribe Water Rights Settlement Act of 2022
  [12/30]  18p  National Heritage Area Act
  [13/30]  19p  Veterans Auto and Education Improvement Act of 2022
  [14/30]  16p  Safeguard Tribal Objects of Patrimony Act of 2021
  [15/30]  17p  SBIR and STTR Extension Act of 2022
  [16/30]  59p  Conceding Our Veterans
  [17/30]  32p  Bipartisan Safer Communities Act
  [18/30]  16p  Ocean Shipping Reform Act of 2022
  [19/30]  27p  Postal Service Reform Act of 2022
  [20/30]  17p  Continuing Appropriations Act, 2020, and Health Extenders Ac
  [21/30]  18p  Coordinated Ocean Observations and Research Act of 2020
  [22/30]  29p  Public Law 116-259
  [23/30]  37p  Taxpayer First Act
  [24/30]  27p  Public Law 116-224
  [25/30]  16p  Veterans Comprehensive Prevention, Access to Care, and Treat
  [26/30]  32p  Public Law 116-20
  [27/30]  31p  Empowering Olympic, Paralympic, and Amateur Athletes Act of 
  [28/30]  38p  America
  [29/30]  25p  Public Law 116-180
  [30/30]  55p  Commander John Scott Hannon Veterans Mental Health Care Impr

=== COMMENTARY (target 30) ===
  [ 1/30]  28p  Nationwide Injunctions and Universal Judicial Relief One Yea
  [ 2/30]  50p  Marriage Penalties and Bonuses in the Federal Tax Code - Eve
  [ 3/30]  17p  Financial Services and General Government (FSGG) FY2026 Appr
  [ 4/30]  34p  The President’s Removal Power: The Constitutional Convention
  [ 5/30]  28p  SBA’s 8(a) Business Development Program: Structure and Curre
  [ 6/30]  31p  Statistics on Women in National Governments Around the World
  [ 7/30]  17p  Introduction to Tribal Forestry - EveryCRSReport.com
  [ 8/30]  40p  The Vacancies Act: A Legal Overview - EveryCRSReport.com
  [ 9/30]  31p  Availability of Federal Data: Policy Considerations for Disc
  [10/30]  39p  Federal Disaster Assistance for Businesses: Summaries and Po
  [11/30]  36p  An Overview of Small Business Contracting - EveryCRSReport.c
  [12/30]  33p  Small Business Administration (SBA) Funding: Overview and Re
  [13/30]  22p  Federal Grants-in-Aid Administration: A Primer - EveryCRSRep
  [14/30]  38p  Separation of Powers and NATO Withdrawal - EveryCRSReport.co
  [15/30]  25p  Military Memorials, Monuments, and Museums: Selected Resourc
  [16/30]  31p  Federal Statistical Data for U.S. Territories: Issues and Re
  [17/30]  25p  Congressional Commissions: Overview and Considerations for C
  [18/30]  27p  Overview of Continuing Appropriations for FY2026 (Division A
  [19/30]  21p  Crime, the Commerce Clause, and the Internet - EveryCRSRepor
  [20/30]  24p  Federal Voter Eligibility and Voter Registration: Overview a
  [21/30]  24p  Examining the Future of PFAS Cleanup and Disposal Policy - E
  [22/30]  17p  Offshore Wind Energy Development: Legal Framework - EveryCRS
  [23/30]  50p  Judicial Nomination Statistics and Analysis: U.S. Circuit an
  [24/30]  28p  Trump v. CASA, Inc. and Nationwide Injunctions During the Se
  [25/30]  52p  [Archived] Work Requirements: Existing Policies in Medicaid,
  [26/30]  28p  The Office of Information and Regulatory Affairs (OIRA): Ove
  [27/30]  38p  The Executive Budget Process: An Overview - EveryCRSReport.c
  [28/30]  15p  Nationwide Injunctions in the First Hundred Days of the Seco
  [29/30]  33p  Federal Preemption and State Authority to Deter the Presence
  [30/30]  38p  Congress and the Scope of the President’s Article II Foreign

=== TAX (target 10) ===
  [ 1/10]  57p  IRS Publication 334 — Tax Guide for Small Business
  [ 2/10]  31p  IRS Publication 501 — Dependents, Standard Deduction, and Fi
  [ 3/10]  27p  IRS Publication 502 — Medical and Dental Expenses
  [ 4/10]  20p  IRS Publication 503 — Child and Dependent Care Expenses
  [ 5/10]  48p  IRS Publication 505 — Tax Withholding and Estimated Tax
  [ 6/10]  49p  IRS Publication 514 — Foreign Tax Credit for Individuals
  [ 7/10]  18p  IRS Publication 517 — Social Security for Members of the Cle
  [ 8/10]  27p  IRS Publication 523 — Selling Your Home
  [ 9/10]  42p  IRS Publication 525 — Taxable and Nontaxable Income
  [10/10]  40p  IRS Publication 526 — Charitable Contributions

==================================================
DONE in 1410s
  judgments   : 30
  acts        : 30
  commentary  : 30
  tax         : 10
  TOTAL       : 100
Outputs: documents_manifest.csv, sources.md, dataset/_reports/build_report.csv
